<?xml version="1.0" encoding="UTF-8"?>
<testsuite xmlns:xsi="http://www.w3.org/2001/XMLSchema-instance" xsi:noNamespaceSchemaLocation="https://maven.apache.org/surefire/maven-surefire-plugin/xsd/surefire-test-report.xsd" name="example.AccountTest" time="0.259" tests="7" errors="0" skipped="0" failures="0">
  <properties>
[...]
</properties>
  <testcase name="invalidSpaceAtEndAndBeginningNameFalse" classname="example.AccountTest" time="0.102"/>
  <testcase name="invalidNoSpaceNameFalse" classname="example.AccountTest" time="0.002"/>
  <testcase name="invalidSpaceAtBeginningNameFalse" classname="example.AccountTest" time="0.001"/>
  <testcase name="invalidSpaceAtEndNameFalse" classname="example.AccountTest" time="0.002"/>
  <testcase name="invalidShortNameFalse" classname="example.AccountTest" time="0.002"/>
  <testcase name="invalidLongNameFalse" classname="example.AccountTest" time="0.002"/>
  <testcase name="validNameTrue" classname="example.AccountTest" time="0.002"/>
</testsuite>